<?xml version='1.0'?>
<ns2:test-suite xmlns:ns2='urn:model.allure.qatools.yandex.ru' start='1614837287219' stop='1614837322384'>
    <name>interaction with web elements</name>
    <title>interaction with web elements</title>
    <test-cases>
        <test-case start='1614837287220' status='broken' stop='1614837312464'>
            <name>should get field text</name>
            <title>should get field text</title>
            <labels>
                <label name='language' value='javascript'/>
                <label name='framework' value='wdio'/>
                <label name='thread' value='0-0'/>
            </labels>
            <parameters>
                <parameter kind='argument' name='browser' value='chrome-89.0.4389.72'/>
            </parameters>
            <steps/>
            <attachments/>
            <failure>
                <message>Can't call getText on element with selector "span.a-size-base a-color-base" because element wasn't found</message>
                <stack-trace>Error: Can't call getText on element with selector "span.a-size-base a-color-base" because element wasn't found
                    at Object.implicitWait [as default] (C:\Develop\practice-test-wdio\node_modules\webdriverio\build\utils\implicitWait.js:34:19)
                    at Element.runCommandWithHooks (C:\Develop\practice-test-wdio\node_modules\@wdio\sync\build\wrapCommand.js:100:24)
                    at Element.wrapCommandFn (C:\Develop\practice-test-wdio\node_modules\@wdio\sync\build\wrapCommand.js:67:44)
                    at Element.getText (C:\Develop\practice-test-wdio\node_modules\webdriverio\build\middlewares.js:44:12)
                    at Context.&lt;anonymous> (C:\Develop\practice-test-wdio\test\/login.test.js:5:26)
                    at Context.executeSync (C:\Develop\practice-test-wdio\node_modules\@wdio\sync\build\index.js:38:22)
                    at C:\Develop\practice-test-wdio\node_modules\@wdio\sync\build\index.js:69:68</stack-trace>
            </failure>
        </test-case>
        <test-case start='1614837312465' status='passed' stop='1614837320554'>
            <name>search in a field</name>
            <title>search in a field</title>
            <labels>
                <label name='language' value='javascript'/>
                <label name='framework' value='wdio'/>
                <label name='thread' value='0-0'/>
            </labels>
            <parameters>
                <parameter kind='argument' name='browser' value='chrome-89.0.4389.72'/>
            </parameters>
            <steps/>
            <attachments/>
        </test-case>
        <test-case start='1614837320555' status='broken' stop='1614837322383'>
            <name>should click on element</name>
            <title>should click on element</title>
            <labels>
                <label name='language' value='javascript'/>
                <label name='framework' value='wdio'/>
                <label name='thread' value='0-0'/>
            </labels>
            <parameters>
                <parameter kind='argument' name='browser' value='chrome-89.0.4389.72'/>
            </parameters>
            <steps/>
            <attachments/>
            <failure>
                <message>icon.clck is not a function</message>
                <stack-trace>TypeError: icon.clck is not a function
                    at Context.&lt;anonymous> (C:\Develop\practice-test-wdio\test\/login.test.js:18:14)
                    at Context.executeSync (C:\Develop\practice-test-wdio\node_modules\@wdio\sync\build\index.js:38:22)
                    at C:\Develop\practice-test-wdio\node_modules\@wdio\sync\build\index.js:69:68</stack-trace>
            </failure>
        </test-case>
    </test-cases>
</ns2:test-suite>